Performing C SOURCE FILE Test CMAKE_HAVE_LIBC_PTHREAD failed with the following output:
Change Dir: /home/juchunyu/20231013/tebNoRos/teb_local_planner/build/CMakeFiles/CMakeTmp

Run Build Command(s):/usr/bin/make cmTC_680ec/fast && /usr/bin/make -f CMakeFiles/cmTC_680ec.dir/build.make CMakeFiles/cmTC_680ec.dir/build
make[1]: Entering directory '/home/juchunyu/20231013/tebNoRos/teb_local_planner/build/CMakeFiles/CMakeTmp'
Building C object CMakeFiles/cmTC_680ec.dir/src.c.o
/usr/bin/cc   -DCMAKE_HAVE_LIBC_PTHREAD   -o CMakeFiles/cmTC_680ec.dir/src.c.o   -c /home/juchunyu/20231013/tebNoRos/teb_local_planner/build/CMakeFiles/CMakeTmp/src.c
Linking C executable cmTC_680ec
/usr/local/bin/cmake -E cmake_link_script CMakeFiles/cmTC_680ec.dir/link.txt --verbose=1
/usr/bin/cc  -DCMAKE_HAVE_LIBC_PTHREAD    CMakeFiles/cmTC_680ec.dir/src.c.o  -o cmTC_680ec 
CMakeFiles/cmTC_680ec.dir/src.c.o: In function `main':
src.c:(.text+0x3c): undefined reference to `pthread_create'
src.c:(.text+0x48): undefined reference to `pthread_detach'
src.c:(.text+0x54): undefined reference to `pthread_cancel'
src.c:(.text+0x65): undefined reference to `pthread_join'
src.c:(.text+0x79): undefined reference to `pthread_atfork'
collect2: error: ld returned 1 exit status
CMakeFiles/cmTC_680ec.dir/build.make:103: recipe for target 'cmTC_680ec' failed
make[1]: *** [cmTC_680ec] Error 1
make[1]: Leaving directory '/home/juchunyu/20231013/tebNoRos/teb_local_planner/build/CMakeFiles/CMakeTmp'
Makefile:138: recipe for target 'cmTC_680ec/fast' failed
make: *** [cmTC_680ec/fast] Error 2


Source file was:
#include <pthread.h>

void* test_func(void* data)
{
  return data;
}

int main(void)
{
  pthread_t thread;
  pthread_create(&thread, NULL, test_func, NULL);
  pthread_detach(thread);
  pthread_cancel(thread);
  pthread_join(thread, NULL);
  pthread_atfork(NULL, NULL, NULL);
  pthread_exit(NULL);

  return 0;
}

Determining if the function pthread_create exists in the pthreads failed with the following output:
Change Dir: /home/juchunyu/20231013/tebNoRos/teb_local_planner/build/CMakeFiles/CMakeTmp

Run Build Command(s):/usr/bin/make cmTC_636d7/fast && /usr/bin/make -f CMakeFiles/cmTC_636d7.dir/build.make CMakeFiles/cmTC_636d7.dir/build
make[1]: Entering directory '/home/juchunyu/20231013/tebNoRos/teb_local_planner/build/CMakeFiles/CMakeTmp'
Building C object CMakeFiles/cmTC_636d7.dir/CheckFunctionExists.c.o
/usr/bin/cc   -DCHECK_FUNCTION_EXISTS=pthread_create   -o CMakeFiles/cmTC_636d7.dir/CheckFunctionExists.c.o   -c /usr/local/share/cmake-3.17/Modules/CheckFunctionExists.c
Linking C executable cmTC_636d7
/usr/local/bin/cmake -E cmake_link_script CMakeFiles/cmTC_636d7.dir/link.txt --verbose=1
/usr/bin/cc  -DCHECK_FUNCTION_EXISTS=pthread_create    CMakeFiles/cmTC_636d7.dir/CheckFunctionExists.c.o  -o cmTC_636d7  -lpthreads 
/usr/bin/ld: cannot find -lpthreads
collect2: error: ld returned 1 exit status
CMakeFiles/cmTC_636d7.dir/build.make:103: recipe for target 'cmTC_636d7' failed
make[1]: *** [cmTC_636d7] Error 1
make[1]: Leaving directory '/home/juchunyu/20231013/tebNoRos/teb_local_planner/build/CMakeFiles/CMakeTmp'
Makefile:138: recipe for target 'cmTC_636d7/fast' failed
make: *** [cmTC_636d7/fast] Error 2



